08:09:24 
         
         
         MMU Startup -----------------------------------------------
         
08:09:24   DEBUG: Found tmc2209 on extruder. Current control enabled. Stallguard 'touch' homing possible.
08:09:24   DEBUG: BLDC gear configured; skipping gear TMC current control
08:09:24   DEBUG: Loaded saved bowden lengths: [-1, -1, -1, -1]
08:09:24   DEBUG: Loaded saved gear rotation distances: [3616.7665, -1, -1, -1]
08:09:24 Warning: Encoder resolution not found in mmu_vars.cfg. Probably not calibrated
08:09:24       STEPPER: BLDC_PROCESS_MOVE: hook installed
08:09:24       STEPPER: BLDC_PROCESS_MOVE: hook removed
08:09:24       STEPPER: BLDC_SYNC: monitor probed and validated
08:09:24       STEPPER: BLDC_CONTROL: source=stop reason=stopped error_rpm=0.0 base_pwm=0.0000 correction_pwm=0.0000 integral_pwm=0.0000 applied_pwm=0.0000 time=352.720 unit=mmu_gear_bldc
08:09:24       STEPPER: BLDC_SET_PIN: pin=PE4 applied=0.0000 time=352.836 unit=mmu_gear_bldc
08:10:04 
         
         
         MMU Startup -----------------------------------------------
         
08:10:04   DEBUG: Found tmc2209 on extruder. Current control enabled. Stallguard 'touch' homing possible.
08:10:04   DEBUG: BLDC gear configured; skipping gear TMC current control
08:10:04   DEBUG: Loaded saved bowden lengths: [-1, -1, -1, -1]
08:10:04   DEBUG: Loaded saved gear rotation distances: [3616.7665, -1, -1, -1]
08:10:04 Warning: Encoder resolution not found in mmu_vars.cfg. Probably not calibrated
08:10:04       STEPPER: BLDC_PROCESS_MOVE: hook installed
08:10:04       STEPPER: BLDC_PROCESS_MOVE: hook removed
08:10:04       STEPPER: BLDC_SYNC: monitor probed and validated
08:10:04       STEPPER: BLDC_CONTROL: source=stop reason=stopped error_rpm=0.0 base_pwm=0.0000 correction_pwm=0.0000 integral_pwm=0.0000 applied_pwm=0.0000 time=15.630 unit=mmu_gear_bldc
08:10:04       STEPPER: BLDC_SET_PIN: pin=PE4 applied=0.0000 time=15.746 unit=mmu_gear_bldc
