-------------------- Log Start | Sun May 24 16:20:10 2026 --------------------
platform: Linux-6.1.115-btt-rk35xx-aarch64-with-glibc2.36
data_path: /home/riccorbypro/printer_data
is_default_data_path: False
config_file: /home/riccorbypro/printer_data/config/moonraker.conf
backup_config: /home/riccorbypro/printer_data/config/.moonraker.conf.bkp
startup_warnings: []
verbose: False
debug: False
asyncio_debug: False
is_backup_config: False
is_python_package: True
instance_uuid: 41544c72e6fc468c90fbfff3453a2431
unix_socket_path: /home/riccorbypro/printer_data/comms/moonraker.sock
structured_logging: False
software_version: v0.9.3-124-gabd2026
git_branch: master
git_remote: origin
git_repo_url: https://github.com/Arksine/moonraker.git
modified_files: []
unofficial_components: []
log_file: /home/riccorbypro/printer_data/logs/moonraker.log
python_version: 3.11.2 (main, Apr  8 2026, 01:58:00) [GCC 12.2.0]
launch_args: /home/riccorbypro/moonraker-env/bin/python /home/riccorbypro/moonraker/moonraker/__main__.py
msgspec_enabled: True
uvloop_enabled: True

#################### Moonraker Configuration ####################

[server]
host = 0.0.0.0
port = 7125
klippy_uds_address = ~/printer_data/comms/klippy.sock
max_upload_size = 2048

[file_manager]
queue_gcode_uploads = False
enable_object_processing = True

[database]

[data_store]
temperature_store_size = 600
gcode_store_size = 1000

[machine]
provider = systemd_dbus
validate_service = False
validate_config = False

[authorization]
trusted_clients = 
	127.0.0.0/8
	kevin.local
	knomi.local
	192.168.0.50
	192.168.0.81
cors_domains = 
	*.local
	*://localhost
	*://localhost:*
	*://kevin.riccorby.pro

[octoprint_compat]

[secrets]

[history]

[update_manager]
enable_auto_refresh = True
refresh_interval = 6
enable_system_updates = True

[update_manager klipper]
channel = dev
pinned_commit = 2f08ab418c42fefd156037eb0db3c2edfb9ab52e

[update_manager moonraker]
channel = dev
pinned_commit = abd2026b90d86fb738c6619be3ceefcedee2006c

[update_manager fluidd]
type = web
channel = beta
repo = fluidd-core/fluidd
path = ~/fluidd

[timelapse]
output_path = ~/printer_data/timelapse/
frame_path = ~/printer_data/frames/
camera = default
parkpos = back_right
park_travel_speed = 400
park_retract_speed = 40
park_extrude_speed = 40
park_retract_distance = 0.5
park_extrude_distance = 0.5
extraoutputparams = -preset superfast

[update_manager timelapse]
type = git_repo
primary_branch = main
path = ~/moonraker-timelapse
origin = https://github.com/mainsail-crew/moonraker-timelapse.git
managed_services = klipper moonraker

[update_manager cartographer]
type = python
channel = stable
virtualenv = ~/klippy-env
project_name = cartographer3d-plugin
is_system_service = False
managed_services = klipper
info_tags = desc=Cartographer

[update_manager crowsnest]
type = git_repo
path = ~/crowsnest
origin = https://github.com/mainsail-crew/crowsnest.git
primary_branch = v5
managed_services = crowsnest
system_dependencies = system-dependencies.json
virtualenv = ~/crowsnest-env
requirements = requirements.txt

[update_manager Klippain-ShakeTune]
type = git_repo
origin = https://github.com/Frix-x/klippain-shaketune.git
path = ~/klippain_shaketune
virtualenv = /home/riccorbypro/klippy-env
requirements = requirements.txt
system_dependencies = system-dependencies.json
primary_branch = main
managed_services = klipper

[update_manager led_effect]
type = git_repo
path = ~/klipper-led_effect
origin = https://github.com/julianschill/klipper-led_effect.git
is_system_service = False

[update_manager octoapp]
type = git_repo
channel = beta
primary_branch = release
path = /home/riccorbypro/octoapp
origin = https://github.com/crysxd/OctoApp-Plugin.git
env = /home/riccorbypro/octoapp-env/bin/python
requirements = requirements.txt
install_script = install.sh
managed_services = 
	octoapp

[announcements]
subscriptions = 
	octoapp.

[update_manager helixscreen]
type = web
channel = stable
repo = prestonbrown/helixscreen
path = /home/riccorbypro/helixscreen

[update_manager KOMB]
type = git_repo
channel = dev
path = ~/KOMB
origin = https://github.com/TmRxJD/KOMB
managed_services = klipper
primary_branch = main

#################################################################
All Configuration Files:
/home/riccorbypro/printer_data/config/moonraker.conf
/home/riccorbypro/printer_data/config/notifier.conf
/home/riccorbypro/printer_data/config/timelapse.conf
/home/riccorbypro/printer_data/config/cartographer.conf
/home/riccorbypro/printer_data/config/octoapp-system.cfg
#################################################################
Loading Sqlite database provider. Sqlite Version: 3.40.1
Unsafe Shutdown Count: 121

System Info:

***python***
  version: (3, 11, 2, 'final', 0)
  version_string: 3.11.2 (main, Apr  8 2026, 01:58:00) [GCC 12.2.0]

***cpu_info***
  cpu_count: 4
  bits: 64bit
  processor: aarch64
  cpu_desc: 
  serial_number: c38b2a4f1940f583
  hardware_desc: 
  model: 
  total_memory: 2014168
  memory_units: kB

***sd_info***

***distribution***
  name: Armbian 26.2.1 bookworm
  id: debian
  version: 12
  version_parts: {'major': '12', 'minor': '', 'build_number': ''}
  like: 
  codename: bookworm
  release_info: {'name': '# PLEASE DO NOT EDIT THIS FILE', 'id': 'armbian'}
  kernel_version: 6.1.115-btt-rk35xx

***virtualization***
  virt_type: none
  virt_identifier: none

***network***

***canbus***

***Allowed Services***
  klipper
  moonraker
  grumpyscreen
  nginx
  crowsnest
  KlipperScreen
  helixscreen
  octoapp
Module libcamera unavailable, import failed

Systemd unit moonraker.service:
unit_name: moonraker.service
is_default: True
manager: systemd
Properties:
**Requires=['sysinit.target', 'system.slice', 'network-online.target']
**After=['network-online.target', 'sysinit.target', 'basic.target', 'system.slice', 'systemd-journald.socket']
**SupplementaryGroups=['moonraker-admin']
**EnvironmentFiles=/home/riccorbypro/printer_data/systemd/moonraker.env
**ExecStart=/home/riccorbypro/moonraker-env/bin/python $MOONRAKER_ARGS
**WorkingDirectory=
**FragmentPath=/etc/systemd/system/moonraker.service
**Description=API Server for Klipper SV1
**User=riccorbypro

Systemd unit klipper.service:
unit_name: klipper.service
is_default: True
manager: systemd
Properties:
**Requires=['sysinit.target', '-.mount', 'system.slice']
**After=['basic.target', 'network-online.target', 'system.slice', '-.mount', 'klipper-mcu.service', 'systemd-journald.socket', 'sysinit.target']
**SupplementaryGroups=[]
**EnvironmentFiles=[]
**ExecStart=/home/riccorbypro/klippy-env/bin/python /home/riccorbypro/klipper/klippy/klippy.py /home/riccorbypro/printer_data/config/printer.cfg -I /home/riccorbypro/printer_data/comms/klippy.serial -l /home/riccorbypro/printer_data/logs/klippy.log -a /home/riccorbypro/printer_data/comms/klippy.sock --rotate-log-at-restart
**WorkingDirectory=/home/riccorbypro/klipper
**FragmentPath=/etc/systemd/system/klipper.service
**Description=Klipper 3D Printer Firmware
**User=riccorbypro
Git Repo moonraker: No warnings detected
Git Repo klipper: Warnings detected:
  Unofficial remote url: https://github.com/pellcorp/klipper-rpi.git
  Repo has untracked source files: ['klippy/extras/led_effect.py', 'klippy/extras/mmu_encoder.py', 'klippy/extras/mmu_encoder_mt6826s.py', 'klippy/extras/mmu_espooler.py', 'klippy/extras/mmu_led_effect.py', 'klippy/extras/mmu_leds.py', 'klippy/extras/mmu_machine.py', 'klippy/extras/mmu_sensors.py', 'klippy/extras/mmu_servo.py']
Git Repo timelapse: No warnings detected
Git Repo crowsnest: No warnings detected
Git Repo Klippain-ShakeTune: No warnings detected
Git Repo led_effect: No warnings detected
Git Repo octoapp: No warnings detected
Git Repo KOMB: No warnings detected
Klipper Version: v0.13.0-176-g2f08ab41-dirty
2026-05-24 18:20:10,965 [klippy_connection.py:_on_connection_closed()] - Klippy Connection Removed
2026-05-24 18:20:10,977 [websockets.py:on_close()] - Websocket Closed: ID: 281472772071056 Close Code: 1000, Close Reason: None, Pong Time Elapsed: 21.00
2026-05-24 18:20:11,977 [klippy_connection.py:_do_connect()] - Klippy Connection Established
2026-05-24 18:20:12,999 [application.py:log_request()] - 101 GET /websocket (127.0.0.1) [_TRUSTED_USER_] 2.64ms
2026-05-24 18:20:13,000 [websockets.py:open()] - Websocket Opened: ID: 281472517208720, Proxied: False, User Agent: , Host Name: 0.0.0.0
2026-05-24 18:20:13,014 [websockets.py:_handle_identify()] - Websocket 281472517208720 Client Identified - Name: OctoApp, Version: 3.1.0, Type: agent
2026-05-24 18:20:24,543 [klippy_connection.py:_request_initial_subscriptions()] - Webhooks Subscribed
2026-05-24 18:20:24,548 [klippy_connection.py:_request_initial_subscriptions()] - GCode Output Subscribed
2026-05-24 18:20:24,552 [klippy_connection.py:_check_ready()] - 
Can not update MCU 'toolhead' config as it is shutdown
Once the underlying issue is corrected, use the
"FIRMWARE_RESTART" command to reset the firmware, reload the
config, and restart the host software.
Error configuring printer

2026-05-24 18:21:08,481 [klippy_connection.py:_on_connection_closed()] - Klippy Connection Removed
2026-05-24 18:21:08,492 [websockets.py:on_close()] - Websocket Closed: ID: 281472517208720 Close Code: 1000, Close Reason: None, Pong Time Elapsed: 15.49
2026-05-24 18:21:09,745 [klippy_connection.py:_do_connect()] - Klippy Connection Established
2026-05-24 18:21:10,513 [application.py:log_request()] - 101 GET /websocket (127.0.0.1) [_TRUSTED_USER_] 3.17ms
2026-05-24 18:21:10,514 [websockets.py:open()] - Websocket Opened: ID: 281472782879824, Proxied: False, User Agent: , Host Name: 0.0.0.0
2026-05-24 18:21:10,523 [websockets.py:_handle_identify()] - Websocket 281472782879824 Client Identified - Name: OctoApp, Version: 3.1.0, Type: agent
2026-05-24 18:21:19,540 [klippy_connection.py:_request_initial_subscriptions()] - Webhooks Subscribed
2026-05-24 18:21:19,545 [klippy_connection.py:_request_initial_subscriptions()] - GCode Output Subscribed
2026-05-24 18:21:19,790 [job_state.py:_handle_started()] - Job state initialized: standby
2026-05-24 18:21:20,040 [klippy_connection.py:_check_ready()] - Klippy ready
2026-05-24 18:21:20,097 [common.py:build_error()] - JSON-RPC Request Error - Requested Method: machine.device_power.devices, Code: -32601, Message: Method not found
2026-05-24 18:21:20,097 [common.py:build_error()] - JSON-RPC Request Error - Requested Method: server.sensors.list, Code: -32601, Message: Method not found
2026-05-24 18:21:20,129 [application.py:log_request()] - 404 GET /machine/wled/strips (127.0.0.1) [_TRUSTED_USER_] 4.49ms
2026-05-24 18:21:20,542 [data_store.py:_init_sensors()] - Configuring available sensors: ['temperature_sensor toolhead_mcu_temp', 'temperature_sensor cartographer_coil', 'temperature_sensor cartographer_mcu', 'temperature_sensor catalyst_mcu_temp', 'temperature_sensor Klipper_Host', 'heater_bed', 'temperature_fan chamber_fan', 'temperature_fan _board_fan', 'temperature_fan _pi_fan', 'heater_generic chamber', 'extruder']
2026-05-24 18:21:21,310 [common.py:build_error()] - JSON-RPC Request Error - Requested Method: server.database.get_item, Code: -32601, Message: Key 'general' in namespace 'mainsail' not found
2026-05-24 18:21:21,326 [common.py:build_error()] - JSON-RPC Request Error - Requested Method: server.database.get_item, Code: -32601, Message: Key 'general' in namespace 'mainsail' not found
2026-05-24 18:21:21,559 [file_manager.py:get_file_list()] - Updating File List <gcodes>...
2026-05-24 18:21:21,834 [file_manager.py:get_file_list()] - Updating File List <config>...
2026-05-24 18:21:22,070 [common.py:build_error()] - JSON-RPC Request Error - Requested Method: server.helix.status, Code: -32601, Message: Method not found
2026-05-24 18:21:22,071 [common.py:build_error()] - JSON-RPC Request Error - Requested Method: server.spoolman.status, Code: -32601, Message: Method not found
2026-05-24 18:23:42,141 [klippy_connection.py:wait()] - Request 'gcode/script' pending: 60.00 seconds
2026-05-24 18:24:42,144 [klippy_connection.py:wait()] - Request 'gcode/script' pending: 120.00 seconds
2026-05-24 18:25:42,146 [klippy_connection.py:wait()] - Request 'gcode/script' pending: 180.01 seconds
2026-05-24 18:26:52,529 [klippy_connection.py:_process_status_update()] - Klippy has shutdown
2026-05-24 18:26:52,543 [websockets.py:on_close()] - Websocket Closed: ID: 281472782879824 Close Code: 1000, Close Reason: None, Pong Time Elapsed: 1.99
2026-05-24 18:26:52,556 [proc_stats.py:_handle_shutdown()] - 
Moonraker System Usage Statistics:
System Time: 1779639982.754837, Usage: 3.5%, Memory: 63344 kB
System Time: 1779639983.757937, Usage: 2.89%, Memory: 63344 kB
System Time: 1779639984.756451, Usage: 3.1%, Memory: 63344 kB
System Time: 1779639985.758463, Usage: 2.96%, Memory: 63344 kB
System Time: 1779639986.759667, Usage: 2.68%, Memory: 63344 kB
System Time: 1779639987.758794, Usage: 3.35%, Memory: 63344 kB
System Time: 1779639988.758157, Usage: 2.42%, Memory: 63344 kB
System Time: 1779639989.758754, Usage: 5.3%, Memory: 63344 kB
System Time: 1779639990.759039, Usage: 3.11%, Memory: 63344 kB
System Time: 1779639991.760469, Usage: 2.75%, Memory: 63344 kB
System Time: 1779639992.760375, Usage: 2.86%, Memory: 63344 kB
System Time: 1779639993.760519, Usage: 25.14%, Memory: 63344 kB
System Time: 1779639994.761292, Usage: 5.03%, Memory: 63344 kB
System Time: 1779639995.765222, Usage: 5.36%, Memory: 63344 kB
System Time: 1779639996.762974, Usage: 3.27%, Memory: 63344 kB
System Time: 1779639997.763698, Usage: 2.71%, Memory: 63344 kB
System Time: 1779639998.764091, Usage: 3.13%, Memory: 63344 kB
System Time: 1779639999.766032, Usage: 5.11%, Memory: 63344 kB
System Time: 1779640000.765793, Usage: 2.71%, Memory: 63344 kB
System Time: 1779640001.768362, Usage: 3.57%, Memory: 63344 kB
System Time: 1779640002.765343, Usage: 3.25%, Memory: 63344 kB
System Time: 1779640003.766061, Usage: 2.59%, Memory: 63344 kB
System Time: 1779640004.765451, Usage: 3.08%, Memory: 63344 kB
System Time: 1779640005.765837, Usage: 3.39%, Memory: 63344 kB
System Time: 1779640006.767406, Usage: 3.26%, Memory: 63344 kB
System Time: 1779640007.767764, Usage: 2.95%, Memory: 63344 kB
System Time: 1779640008.768600, Usage: 3.24%, Memory: 63344 kB
System Time: 1779640009.770058, Usage: 4.56%, Memory: 63344 kB
System Time: 1779640010.769574, Usage: 5.4%, Memory: 63344 kB
System Time: 1779640011.771785, Usage: 44.73%, Memory: 63344 kB
CPU Temperature: 34.375
2026-05-24 18:26:54,561 [application.py:log_request()] - 101 GET /websocket (127.0.0.1) [_TRUSTED_USER_] 2.55ms
2026-05-24 18:26:54,562 [websockets.py:open()] - Websocket Opened: ID: 281472517377488, Proxied: False, User Agent: , Host Name: 0.0.0.0
2026-05-24 18:26:54,584 [websockets.py:_handle_identify()] - Websocket 281472517377488 Client Identified - Name: OctoApp, Version: 3.1.0, Type: agent
2026-05-24 18:27:12,583 [common.py:build_error()] - JSON-RPC Request Error - Requested Method: printer.gcode.script, Code: 400, Message: Internal error in stepcompress
